<?xml version="1.0" encoding="UTF-8"?>
<!-- Generated by org.testng.reporters.JUnitReportReporter -->
<testsuite hostname="Apples-MacBook-Pro.local" failures="0" tests="1" name="SampleTest" time="6.287" errors="0" timestamp="2021-06-30T18:12:49 IST" skipped="0">
  <testcase classname="SampleTest" name="getPetByStatus" time="6.287"/>
  <system-out/>
</testsuite> <!-- SampleTest -->
